<?xml version="1.0" encoding="UTF-8"?>
<!-- Generated by org.testng.reporters.JUnitReportReporter -->
<testsuite hostname="LAPTOP-979QK6P4" failures="0" tests="1" name="com.vw.qa.Base.Test01" time="0.010" errors="0" timestamp="2023-06-13T16:21:14 IST" skipped="0">
  <testcase classname="com.vw.qa.Base.Test01" name="m1" time="0.010"/>
  <system-out/>
</testsuite> <!-- com.vw.qa.Base.Test01 -->
