<?xml version="1.0" encoding="UTF-8"?>
<!-- Generated by org.testng.reporters.JUnitReportReporter -->
<testsuite hostname="LAPTOP-979QK6P4" failures="0" tests="2" name="com.vw.qa.Endpoint.Test01" time="0.007" errors="0" timestamp="2023-06-13T22:25:19 IST" skipped="0">
  <testcase classname="com.vw.qa.Endpoint.Test01" name="m1" time="0.006"/>
  <system-out/>
  <testcase classname="com.vw.qa.Endpoint.Test01" name="m2" time="0.001"/>
  <system-out/>
</testsuite> <!-- com.vw.qa.Endpoint.Test01 -->
